[23:23:53] [main/INFO] (FabricLoader) Loading for game Minecraft 1.16.1
[23:23:53] [main/INFO] (Fabric|Loader) [FabricLoader] Loading 44 mods: minecraft@1.16.1, fabric-renderer-api-v1@0.2.13+eae12eb802, fabric-networking-blockentity-v0@0.2.5+b50ffc7b7c, fabric-screen-handler-api-v1@1.1.0+97324d1102, fabric-keybindings-v0@0.2.0+3fa9f7c502, modmenu@1.12.2+build.17, fabric-command-api-v1@1.0.8+5ce5339802, fabricloader@0.9.1+build.205, explayerenderer@0.9, fabric-tool-attribute-api-v1@1.2.1+91fca5cd02, fabric-renderer-indigo@0.3.4+34d6c87102, fabric-containers-v0@0.1.8+045df74f7c, fabric-object-builder-api-v1@1.5.7+2242e77202, fabric-dimensions-v1@1.0.0+a71b305302, fabric-biomes-v1@0.2.7+059ea86602, fabric-crash-report-info-v1@0.1.2+b7f9825d7c, fabric-item-api-v1@1.0.0+16acbe5b02, fabric-events-interaction-v0@0.3.3+7066030f7c, fabric-game-rule-api-v1@1.0.0+fe81e12502, fabric-api-base@0.1.3+12a8474c7c, fabric-rendering-v0@1.1.0+5341049002, fabric-rendering-v1@1.1.2+346247d702, fabric-key-binding-api-v1@1.0.1+f404f3be02, fabric-rendering-data-attachment-v1@0.1.3+b7f9825d7c, fabric-resource-loader-v0@0.2.6+f41e209802, fabric-textures-v0@1.0.4+eae12eb802, malilib@0.10.0-dev.21+arne.2, fabric-content-registries-v0@0.1.9+059ea86602, fabric-tag-extensions-v0@0.2.7+a4c57d8e02, fabric-rendering-fluids-v1@0.1.8+b7084faa02, fabric-commands-v0@0.2.0+52d3083602, fabric-registry-sync-v0@0.3.8+7dba2d6c7c, fabric-blockrenderlayer-v1@1.1.4+c6a8ea8902, fabric-lifecycle-events-v1@1.2.0+e83e061c02, fabric-mining-levels-v0@0.1.2+b764ce9902, fabric-renderer-registries-v1@2.1.0+be551d3c02, fabric-loot-tables-v1@1.0.0+386eb69e02, fabric-events-lifecycle-v0@0.2.0+16acbe5b02, fabric@0.17.0+build.386-1.16.1, fabric-particles-v1@0.2.1+0a6f2a7002, fabric-models-v0@0.1.0+dfdb52d602, fabric-item-groups-v0@0.2.0+438f963602, fabric-networking-v0@0.1.10+e00ecb5f7c, fabric-object-builders-v0@0.6.1+a2d21ddd02
[23:23:53] [main/INFO] (mixin) SpongePowered MIXIN Subsystem Version=0.8.1 Source=file:/Users/yifanwang/.gradle/caches/modules-2/files-2.1/net.fabricmc/sponge-mixin/0.8.1+build.21/94da90bdbee9f95bf6d6c41ca87943419a0b5624/sponge-mixin-0.8.1+build.21.jar Service=Knot/Fabric Env=CLIENT
[23:23:54] [main/INFO] (Fabric|MixinBootstrap) Loaded Fabric development mappings for mixin remapper!
[23:23:54] [main/INFO] (mixin) Remapping refMap fabric-networking-v0-refmap.json using remapper chain
[23:23:54] [main/INFO] (mixin) Remapping refMap fabric-networking-blockentity-v0-refmap.json using remapper chain
[23:23:54] [main/INFO] (mixin) Remapping refMap fabric-biomes-v1-refmap.json using remapper chain
[23:23:54] [main/INFO] (mixin) Remapping refMap fabric-screen-handler-api-v1-refmap.json using remapper chain
[23:23:54] [main/INFO] (mixin) Remapping refMap fabric-lifecycle-events-v1-refmap.json using remapper chain
[23:23:54] [main/INFO] (mixin) Remapping refMap fabric-containers-v0-refmap.json using remapper chain
[23:23:54] [main/INFO] (mixin) Remapping refMap fabric-renderer-indigo-refmap.json using remapper chain
[23:23:54] [main/INFO] (mixin) Remapping refMap fabric-rendering-data-attachment-v1-refmap.json using remapper chain
[23:23:54] [main/INFO] (mixin) Remapping refMap fabric-item-api-v1-refmap.json using remapper chain
[23:23:54] [main/INFO] (mixin) Remapping refMap fabric-events-interaction-v0-refmap.json using remapper chain
[23:23:54] [main/INFO] (mixin) Remapping refMap fabric-loot-tables-v1-refmap.json using remapper chain
[23:23:54] [main/INFO] (mixin) Remapping refMap fabric-object-builder-api-v1-refmap.json using remapper chain
[23:23:54] [main/INFO] (mixin) Remapping refMap fabric-dimensions-v1-refmap.json using remapper chain
[23:23:54] [main/INFO] (mixin) Remapping refMap fabric-renderer-registries-v1-refmap.json using remapper chain
[23:23:54] [main/INFO] (mixin) Remapping refMap fabric-textures-v0-refmap.json using remapper chain
[23:23:54] [main/INFO] (mixin) Remapping refMap fabric-registry-sync-v0-refmap.json using remapper chain
[23:23:54] [main/INFO] (mixin) Remapping refMap fabric-models-v0-refmap.json using remapper chain
[23:23:54] [main/INFO] (mixin) Remapping refMap fabric-blockrenderlayer-v1-refmap.json using remapper chain
[23:23:54] [main/INFO] (mixin) Remapping refMap fabric-renderer-api-v1-refmap.json using remapper chain
[23:23:54] [main/INFO] (mixin) Remapping refMap fabric-containers-v0-refmap.json using remapper chain
[23:23:54] [main/INFO] (mixin) Remapping refMap fabric-rendering-fluids-v1-refmap.json using remapper chain
[23:23:54] [main/INFO] (mixin) Remapping refMap fabric-resource-loader-v0-refmap.json using remapper chain
[23:23:54] [main/INFO] (mixin) Remapping refMap fabric-game-rule-api-v1-refmap.json using remapper chain
[23:23:54] [main/INFO] (mixin) Remapping refMap fabric-particles-v1-refmap.json using remapper chain
[23:23:54] [main/INFO] (mixin) Remapping refMap fabric-object-builders-refmap.json using remapper chain
[23:23:54] [main/INFO] (mixin) Remapping refMap fabric-tag-extensions-v0-refmap.json using remapper chain
[23:23:54] [main/INFO] (mixin) Remapping refMap fabric-tool-attribute-api-v1-refmap.json using remapper chain
[23:23:54] [main/INFO] (mixin) Remapping refMap fabric-rendering-v1-refmap.json using remapper chain
[23:23:54] [main/INFO] (mixin) Remapping refMap fabric-item-groups-v0-refmap.json using remapper chain
[23:23:54] [main/INFO] (mixin) Remapping refMap fabric-content-registries-v0-refmap.json using remapper chain
[23:23:54] [main/INFO] (mixin) Remapping refMap fabric-command-api-v1-refmap.json using remapper chain
[23:23:54] [main/INFO] (mixin) Remapping refMap fabric-crash-report-info-v1-refmap.json using remapper chain
[23:23:54] [main/INFO] (mixin) Remapping refMap fabric-key-binding-api-v1-refmap.json using remapper chain
[23:23:54] [main/INFO] (mixin) Remapping refMap fabric-renderer-api-v1-refmap.json using remapper chain
[23:23:54] [main/INFO] (mixin) Remapping refMap modmenu.refmap.json using remapper chain
[23:23:54] [main/WARN] (mixin) @Mixin target net/minecraft/server/world/ThreadedAnvilChunkStorage$EntityTracker is public in fabric-networking-v0.mixins.json:MixinEntityTracker and should be specified in value
[23:23:54] [main/WARN] (mixin) @Mixin target net/minecraft/client/render/block/BlockModelRenderer$AmbientOcclusionCalculator is public in fabric-renderer-indigo.mixins.json:MixinAmbientOcclusionCalculator and should be specified in value
[23:23:54] [main/WARN] (mixin) @Mixin target net/minecraft/client/render/chunk/ChunkBuilder$BuiltChunk$RebuildTask is public in fabric-renderer-indigo.mixins.json:MixinChunkRebuildTask and should be specified in value
[23:23:55] [main/WARN] (mixin) @Mixin target net/minecraft/server/command/GameRuleCommand$1 is public in fabric-game-rule-api-v1.mixins.json:GameRuleCommandVisitorMixin and should be specified in value
[23:23:55] [main/WARN] (mixin) @Mixin target net/minecraft/client/gui/screen/world/EditGameRulesScreen$RuleListWidget$1 is public in fabric-game-rule-api-v1.mixins.json:client.RuleListWidgetVisitorMixin and should be specified in value
[23:23:55] [main/WARN] (mixin) @Mixin target net/minecraft/client/particle/ParticleManager$SimpleSpriteProvider is public in fabric-particles-v1.mixins.json:ParticleManagerAccessor$SimpleSpriteProviderAccessor and should be specified in value
[23:23:55] [main/WARN] (mixin) @Mixin target net/minecraft/tag/Tag$1 is public in fabric-tag-extensions-v0.mixins.json:MixinTagImpl and should be specified in value
[23:23:55] [main/WARN] (mixin) @Mixin target net/minecraft/client/gui/widget/EntryListWidget$Entries is public in mixins.modmenu.json:MixinEntryListWidgetEntries and should be specified in value
